<?xml version="1.0" encoding="UTF-8"?>
<!-- Generated by org.testng.reporters.JUnitReportReporter -->
<testsuite hostname="LAPTOP-CDAJ1UEH" failures="0" tests="1" name="com.SwagLabs.TestCases.CheckoutPageTest" time="0.291" errors="0" timestamp="2024-09-12T16:23:58 IST" skipped="0">
  <testcase classname="com.SwagLabs.TestCases.CheckoutPageTest" name="validateCheckOut" time="0.291"/>
  <system-out/>
</testsuite> <!-- com.SwagLabs.TestCases.CheckoutPageTest -->
